0 info it worked if it ends with ok
1 verbose cli [ 'C:\\program files\\nodejs\\node.exe',
1 verbose cli   'C:\\program files\\nodejs\\node_modules\\npm\\bin\\npm-cli.js',
1 verbose cli   'run',
1 verbose cli   'webpack' ]
2 info using npm@3.7.3
3 info using node@v5.8.0
4 verbose run-script [ 'prewebpack', 'webpack', 'postwebpack' ]
5 info lifecycle site@1.0.0~prewebpack: site@1.0.0
6 silly lifecycle site@1.0.0~prewebpack: no script for prewebpack, continuing
7 info lifecycle site@1.0.0~webpack: site@1.0.0
8 verbose lifecycle site@1.0.0~webpack: unsafe-perm in lifecycle true
9 verbose lifecycle site@1.0.0~webpack: PATH: C:\program files\nodejs\node_modules\npm\bin\node-gyp-bin;C:\Users\aaron\Projects\current\site\node_modules\.bin;C:\program files\nodejs;C:\Program Files\Git\mingw64\bin;C:\Program Files\Git\usr\bin;C:\Users\aaron\bin;C:\programdata\oracle\java\javapath;C:\windows\system32;C:\windows;C:\windows\system32\wbem;C:\windows\system32\windowspowershell\v1.0;C:\program files\filebot;C:\program files (x86)\windows kits\10\windows performance toolkit;C:\php;C:\programdata\composersetup\bin;C:\program files\microsoft sql server\110\tools\binn;C:\python27;C:\program files (x86)\skype\phone;C:\users\aaron\appdata\roaming\composer\vendor\bin;C:\program files\nodejs;C:\windows\system32;C:\windows;C:\windows\system32\wbem;C:\windows\system32\windowspowershell\v1.0;C:\program files\git\cmd;C:\program files\mongodb\server\3.4\bin;%systemroot%\system32;%systemroot%;%systemroot%\system32\wbem;%systemroot%\system32\windowspowershell\v1.0;C:\Program Files (x86)\NVIDIA Corporation\PhysX\Common;C:\Ruby24-x64\bin;C:\Python27;C:\Users\aaron\AppData\Local\atom\bin;C:\Users\aaron\AppData\Roaming\npm;C:\Program Files (x86)\Microsoft VS Code\bin;C:\Users\aaron\AppData\Local\Microsoft\WindowsApps
10 verbose lifecycle site@1.0.0~webpack: CWD: C:\Users\aaron\Projects\current\site
11 silly lifecycle site@1.0.0~webpack: Args: [ '/d /s /c', 'webpack --watch' ]
12 silly lifecycle site@1.0.0~webpack: Returned: code: 1  signal: null
13 info lifecycle site@1.0.0~webpack: Failed to exec webpack script
14 verbose stack Error: site@1.0.0 webpack: `webpack --watch`
14 verbose stack Exit status 1
14 verbose stack     at EventEmitter.<anonymous> (C:\program files\nodejs\node_modules\npm\lib\utils\lifecycle.js:239:16)
14 verbose stack     at emitTwo (events.js:100:13)
14 verbose stack     at EventEmitter.emit (events.js:185:7)
14 verbose stack     at ChildProcess.<anonymous> (C:\program files\nodejs\node_modules\npm\lib\utils\spawn.js:24:14)
14 verbose stack     at emitTwo (events.js:100:13)
14 verbose stack     at ChildProcess.emit (events.js:185:7)
14 verbose stack     at maybeClose (internal/child_process.js:850:16)
14 verbose stack     at Process.ChildProcess._handle.onexit (internal/child_process.js:215:5)
15 verbose pkgid site@1.0.0
16 verbose cwd C:\Users\aaron\Projects\current\site
17 error Windows_NT 10.0.15063
18 error argv "C:\\program files\\nodejs\\node.exe" "C:\\program files\\nodejs\\node_modules\\npm\\bin\\npm-cli.js" "run" "webpack"
19 error node v5.8.0
20 error npm  v3.7.3
21 error code ELIFECYCLE
22 error site@1.0.0 webpack: `webpack --watch`
22 error Exit status 1
23 error Failed at the site@1.0.0 webpack script 'webpack --watch'.
23 error Make sure you have the latest version of node.js and npm installed.
23 error If you do, this is most likely a problem with the site package,
23 error not with npm itself.
23 error Tell the author that this fails on your system:
23 error     webpack --watch
23 error You can get information on how to open an issue for this project with:
23 error     npm bugs site
23 error Or if that isn't available, you can get their info via:
23 error     npm owner ls site
23 error There is likely additional logging output above.
24 verbose exit [ 1, true ]
